2025-09-03 13:43:24 | INFO | utils_bankoscarpa:47 | Logger loaded.
2025-09-03 13:45:13 | INFO | utils_bankoscarpa:47 | Logger loaded.
2025-09-03 13:45:13 | INFO | __main__:38 | Logger loaded.
2025-09-03 13:45:13.339 | INFO     | __main__:<module>:38 - Logger loaded.
2025-09-03 13:45:13 | INFO | __main__:198 | #####################################
2025-09-03 13:45:13.339 | INFO     | __main__:main:198 - #####################################
2025-09-03 13:45:13 | INFO | __main__:199 | # Starting execution of main()
2025-09-03 13:45:13.339 | INFO     | __main__:main:199 - # Starting execution of main()
2025-09-03 13:45:13 | INFO | __main__:200 | #####################################

2025-09-03 13:45:13.339 | INFO     | __main__:main:200 - #####################################

2025-09-03 13:46:31 | INFO | utils_bankoscarpa:47 | Logger loaded.
2025-09-03 13:46:31 | INFO | __main__:37 | Logger loaded.
2025-09-03 13:46:31.785 | INFO     | __main__:<module>:37 - Logger loaded.
2025-09-03 13:46:31 | INFO | __main__:197 | #####################################
2025-09-03 13:46:31.786 | INFO     | __main__:main:197 - #####################################
2025-09-03 13:46:31 | INFO | __main__:198 | # Starting execution of main()
2025-09-03 13:46:31.786 | INFO     | __main__:main:198 - # Starting execution of main()
2025-09-03 13:46:31 | INFO | __main__:199 | #####################################

2025-09-03 13:46:31.786 | INFO     | __main__:main:199 - #####################################

2025-09-03 13:46:31 | INFO | __main__:202 | Byline: 
**********************************************************
Frankly Figures — Project Header
**********************************************************
Author:                     Frank Scarpa
Motto:                      Making Numbers Talk
Years Active:               5
Number of Employees:        25
Office Locations:           ['Phoenix', 'Washington DC', 'Sunrise', 'Austin', 'San Francisco']
Salary Position?:           True
Accepting New Clients?:     True
Remote Workshops?:          True
Services:                   ['Data Analysis', 'Machine Learning', 'Business Intelligence']
Client Satisfaction Scores: [4.8, 4.6, 4.9, 5.0, 4.7]
Minimum Satisfaction Score: 4.6
Maximum Satisfaction Score: 5.0
Mean Satisfaction Score:    4.80
     Standard Deviation:    0.16
**********************************************************

2025-09-03 13:46:31.786 | INFO     | __main__:main:202 - Byline: 
**********************************************************
Frankly Figures — Project Header
**********************************************************
Author:                     Frank Scarpa
Motto:                      Making Numbers Talk
Years Active:               5
Number of Employees:        25
Office Locations:           ['Phoenix', 'Washington DC', 'Sunrise', 'Austin', 'San Francisco']
Salary Position?:           True
Accepting New Clients?:     True
Remote Workshops?:          True
Services:                   ['Data Analysis', 'Machine Learning', 'Business Intelligence']
Client Satisfaction Scores: [4.8, 4.6, 4.9, 5.0, 4.7]
Minimum Satisfaction Score: 4.6
Maximum Satisfaction Score: 5.0
Mean Satisfaction Score:    4.80
     Standard Deviation:    0.16
**********************************************************

2025-09-03 13:46:31 | INFO | __main__:73 | FUNCTION: create_folders_for_range()
2025-09-03 13:46:31.786 | INFO     | __main__:create_folders_for_range:73 - FUNCTION: create_folders_for_range()
2025-09-03 13:46:31 | INFO | __main__:74 | PARAMETERS: start_year = 2020, end_year = 2023
2025-09-03 13:46:31.786 | INFO     | __main__:create_folders_for_range:74 - PARAMETERS: start_year = 2020, end_year = 2023
2025-09-03 13:46:31 | INFO | __main__:105 | FUNCTION: create_folders_from_list()
2025-09-03 13:46:31.786 | INFO     | __main__:create_folders_from_list:105 - FUNCTION: create_folders_from_list()
2025-09-03 13:46:31 | INFO | __main__:106 | PARAMETER: folder_list = ['data-csv', 'data-excel', 'data-json']
2025-09-03 13:46:31.786 | INFO     | __main__:create_folders_from_list:106 - PARAMETER: folder_list = ['data-csv', 'data-excel', 'data-json']
2025-09-03 13:46:31 | INFO | __main__:134 | FUNCTION: create_prefixed_folders()
2025-09-03 13:46:31.786 | INFO     | __main__:create_prefixed_folders_using_list_comprehension:134 - FUNCTION: create_prefixed_folders()
2025-09-03 13:46:31 | INFO | __main__:135 | PARAMETERS: folder_list = ['csv', 'excel', 'json'], prefix = output-
2025-09-03 13:46:31.786 | INFO     | __main__:create_prefixed_folders_using_list_comprehension:135 - PARAMETERS: folder_list = ['csv', 'excel', 'json'], prefix = output-
2025-09-03 13:46:31 | INFO | __main__:157 | FUNCTION: create_folders_periodically()
2025-09-03 13:46:31.786 | INFO     | __main__:create_folders_periodically:157 - FUNCTION: create_folders_periodically()
2025-09-03 13:46:31 | INFO | __main__:158 | PARAMETER: duration_seconds = 5
2025-09-03 13:46:31.786 | INFO     | __main__:create_folders_periodically:158 - PARAMETER: duration_seconds = 5
2025-09-03 13:46:31 | INFO | __main__:185 | FUNCTION: create_standardized_folders()
2025-09-03 13:46:31.786 | INFO     | __main__:create_standardized_folders:185 - FUNCTION: create_standardized_folders()
2025-09-03 13:46:31 | INFO | __main__:186 | PARAMETERS: folder_list = ['North America', 'South America', 'Europe', 'Asia', 'Africa', 'Oceania', 'Middle East'], to_lowercase = True, remove_spaces = True
2025-09-03 13:46:31.786 | INFO     | __main__:create_standardized_folders:186 - PARAMETERS: folder_list = ['North America', 'South America', 'Europe', 'Asia', 'Africa', 'Oceania', 'Middle East'], to_lowercase = True, remove_spaces = True
2025-09-03 13:46:31 | INFO | __main__:223 | 
#####################################
2025-09-03 13:46:31.786 | INFO     | __main__:main:223 - 
#####################################
2025-09-03 13:46:31 | INFO | __main__:224 | # Completed execution of main()
2025-09-03 13:46:31.786 | INFO     | __main__:main:224 - # Completed execution of main()
2025-09-03 13:46:31 | INFO | __main__:225 | #####################################
2025-09-03 13:46:31.786 | INFO     | __main__:main:225 - #####################################
2025-09-03 14:16:21 | INFO | utils_bankoscarpa:47 | Logger loaded.
2025-09-03 14:16:21 | INFO | __main__:36 | Logger loaded.
2025-09-03 14:16:21.502 | INFO     | __main__:<module>:36 - Logger loaded.
2025-09-03 14:16:21 | INFO | __main__:72 | FUNCTION: create_folders_for_range()
2025-09-03 14:16:21.502 | INFO     | __main__:create_folders_for_range:72 - FUNCTION: create_folders_for_range()
2025-09-03 14:16:21 | INFO | __main__:73 | PARAMETERS: start_year = 2020, end_year = 2025
2025-09-03 14:16:21.502 | INFO     | __main__:create_folders_for_range:73 - PARAMETERS: start_year = 2020, end_year = 2025
2025-09-03 14:16:21 | INFO | __main__:79 | Created folder: /Users/frankchess/Repos/datafun-02-automation/2020
2025-09-03 14:16:21.502 | INFO     | __main__:create_folders_for_range:79 - Created folder: /Users/frankchess/Repos/datafun-02-automation/2020
2025-09-03 14:16:21 | INFO | __main__:79 | Created folder: /Users/frankchess/Repos/datafun-02-automation/2021
2025-09-03 14:16:21.502 | INFO     | __main__:create_folders_for_range:79 - Created folder: /Users/frankchess/Repos/datafun-02-automation/2021
2025-09-03 14:16:21 | INFO | __main__:79 | Created folder: /Users/frankchess/Repos/datafun-02-automation/2022
2025-09-03 14:16:21.502 | INFO     | __main__:create_folders_for_range:79 - Created folder: /Users/frankchess/Repos/datafun-02-automation/2022
2025-09-03 14:16:21 | INFO | __main__:79 | Created folder: /Users/frankchess/Repos/datafun-02-automation/2023
2025-09-03 14:16:21.502 | INFO     | __main__:create_folders_for_range:79 - Created folder: /Users/frankchess/Repos/datafun-02-automation/2023
2025-09-03 14:16:21 | INFO | __main__:79 | Created folder: /Users/frankchess/Repos/datafun-02-automation/2024
2025-09-03 14:16:21.502 | INFO     | __main__:create_folders_for_range:79 - Created folder: /Users/frankchess/Repos/datafun-02-automation/2024
2025-09-03 14:16:21 | INFO | __main__:79 | Created folder: /Users/frankchess/Repos/datafun-02-automation/2025
2025-09-03 14:16:21.502 | INFO     | __main__:create_folders_for_range:79 - Created folder: /Users/frankchess/Repos/datafun-02-automation/2025
2025-09-03 14:16:21 | INFO | __main__:191 | #####################################
2025-09-03 14:16:21.502 | INFO     | __main__:main:191 - #####################################
2025-09-03 14:16:21 | INFO | __main__:192 | # Starting execution of main()
2025-09-03 14:16:21.502 | INFO     | __main__:main:192 - # Starting execution of main()
2025-09-03 14:16:21 | INFO | __main__:193 | #####################################

2025-09-03 14:16:21.502 | INFO     | __main__:main:193 - #####################################

2025-09-03 14:16:21 | INFO | __main__:196 | Byline: 
**********************************************************
Frankly Figures — Project Header
**********************************************************
Author:                     Frank Scarpa
Motto:                      Making Numbers Talk
Years Active:               5
Number of Employees:        25
Office Locations:           ['Phoenix', 'Washington DC', 'Sunrise', 'Austin', 'San Francisco']
Salary Position?:           True
Accepting New Clients?:     True
Remote Workshops?:          True
Services:                   ['Data Analysis', 'Machine Learning', 'Business Intelligence']
Client Satisfaction Scores: [4.8, 4.6, 4.9, 5.0, 4.7]
Minimum Satisfaction Score: 4.6
Maximum Satisfaction Score: 5.0
Mean Satisfaction Score:    4.80
     Standard Deviation:    0.16
**********************************************************

2025-09-03 14:16:21.502 | INFO     | __main__:main:196 - Byline: 
**********************************************************
Frankly Figures — Project Header
**********************************************************
Author:                     Frank Scarpa
Motto:                      Making Numbers Talk
Years Active:               5
Number of Employees:        25
Office Locations:           ['Phoenix', 'Washington DC', 'Sunrise', 'Austin', 'San Francisco']
Salary Position?:           True
Accepting New Clients?:     True
Remote Workshops?:          True
Services:                   ['Data Analysis', 'Machine Learning', 'Business Intelligence']
Client Satisfaction Scores: [4.8, 4.6, 4.9, 5.0, 4.7]
Minimum Satisfaction Score: 4.6
Maximum Satisfaction Score: 5.0
Mean Satisfaction Score:    4.80
     Standard Deviation:    0.16
**********************************************************

2025-09-03 14:16:21 | INFO | __main__:72 | FUNCTION: create_folders_for_range()
2025-09-03 14:16:21.502 | INFO     | __main__:create_folders_for_range:72 - FUNCTION: create_folders_for_range()
2025-09-03 14:16:21 | INFO | __main__:73 | PARAMETERS: start_year = 2020, end_year = 2023
2025-09-03 14:16:21.503 | INFO     | __main__:create_folders_for_range:73 - PARAMETERS: start_year = 2020, end_year = 2023
2025-09-03 14:16:21 | INFO | __main__:79 | Created folder: /Users/frankchess/Repos/datafun-02-automation/2020
2025-09-03 14:16:21.503 | INFO     | __main__:create_folders_for_range:79 - Created folder: /Users/frankchess/Repos/datafun-02-automation/2020
2025-09-03 14:16:21 | INFO | __main__:79 | Created folder: /Users/frankchess/Repos/datafun-02-automation/2021
2025-09-03 14:16:21.503 | INFO     | __main__:create_folders_for_range:79 - Created folder: /Users/frankchess/Repos/datafun-02-automation/2021
2025-09-03 14:16:21 | INFO | __main__:79 | Created folder: /Users/frankchess/Repos/datafun-02-automation/2022
2025-09-03 14:16:21.503 | INFO     | __main__:create_folders_for_range:79 - Created folder: /Users/frankchess/Repos/datafun-02-automation/2022
2025-09-03 14:16:21 | INFO | __main__:79 | Created folder: /Users/frankchess/Repos/datafun-02-automation/2023
2025-09-03 14:16:21.503 | INFO     | __main__:create_folders_for_range:79 - Created folder: /Users/frankchess/Repos/datafun-02-automation/2023
2025-09-03 14:16:21 | INFO | __main__:99 | FUNCTION: create_folders_from_list()
2025-09-03 14:16:21.503 | INFO     | __main__:create_folders_from_list:99 - FUNCTION: create_folders_from_list()
2025-09-03 14:16:21 | INFO | __main__:100 | PARAMETER: folder_list = ['data-csv', 'data-excel', 'data-json']
2025-09-03 14:16:21.503 | INFO     | __main__:create_folders_from_list:100 - PARAMETER: folder_list = ['data-csv', 'data-excel', 'data-json']
2025-09-03 14:16:21 | INFO | __main__:128 | FUNCTION: create_prefixed_folders()
2025-09-03 14:16:21.503 | INFO     | __main__:create_prefixed_folders_using_list_comprehension:128 - FUNCTION: create_prefixed_folders()
2025-09-03 14:16:21 | INFO | __main__:129 | PARAMETERS: folder_list = ['csv', 'excel', 'json'], prefix = output-
2025-09-03 14:16:21.503 | INFO     | __main__:create_prefixed_folders_using_list_comprehension:129 - PARAMETERS: folder_list = ['csv', 'excel', 'json'], prefix = output-
2025-09-03 14:16:21 | INFO | __main__:151 | FUNCTION: create_folders_periodically()
2025-09-03 14:16:21.503 | INFO     | __main__:create_folders_periodically:151 - FUNCTION: create_folders_periodically()
2025-09-03 14:16:21 | INFO | __main__:152 | PARAMETER: duration_seconds = 5
2025-09-03 14:16:21.503 | INFO     | __main__:create_folders_periodically:152 - PARAMETER: duration_seconds = 5
2025-09-03 14:16:21 | INFO | __main__:179 | FUNCTION: create_standardized_folders()
2025-09-03 14:16:21.503 | INFO     | __main__:create_standardized_folders:179 - FUNCTION: create_standardized_folders()
2025-09-03 14:16:21 | INFO | __main__:180 | PARAMETERS: folder_list = ['North America', 'South America', 'Europe', 'Asia', 'Africa', 'Oceania', 'Middle East'], to_lowercase = True, remove_spaces = True
2025-09-03 14:16:21.503 | INFO     | __main__:create_standardized_folders:180 - PARAMETERS: folder_list = ['North America', 'South America', 'Europe', 'Asia', 'Africa', 'Oceania', 'Middle East'], to_lowercase = True, remove_spaces = True
2025-09-03 14:16:21 | INFO | __main__:217 | 
#####################################
2025-09-03 14:16:21.503 | INFO     | __main__:main:217 - 
#####################################
2025-09-03 14:16:21 | INFO | __main__:218 | # Completed execution of main()
2025-09-03 14:16:21.503 | INFO     | __main__:main:218 - # Completed execution of main()
2025-09-03 14:16:21 | INFO | __main__:219 | #####################################
2025-09-03 14:16:21.503 | INFO     | __main__:main:219 - #####################################
2025-09-03 14:21:23 | INFO | utils_bankoscarpa:47 | Logger loaded.
2025-09-03 14:21:23 | INFO | __main__:36 | Logger loaded.
2025-09-03 14:21:23.286 | INFO     | __main__:<module>:36 - Logger loaded.
2025-09-03 14:21:23 | INFO | __main__:72 | FUNCTION: create_folders_for_range()
2025-09-03 14:21:23.286 | INFO     | __main__:create_folders_for_range:72 - FUNCTION: create_folders_for_range()
2025-09-03 14:21:23 | INFO | __main__:73 | PARAMETERS: start_year = 2020, end_year = 2025
2025-09-03 14:21:23.286 | INFO     | __main__:create_folders_for_range:73 - PARAMETERS: start_year = 2020, end_year = 2025
2025-09-03 14:21:23 | INFO | __main__:79 | Created folder: /Users/frankchess/Repos/datafun-02-automation/2020
2025-09-03 14:21:23.287 | INFO     | __main__:create_folders_for_range:79 - Created folder: /Users/frankchess/Repos/datafun-02-automation/2020
2025-09-03 14:21:23 | INFO | __main__:79 | Created folder: /Users/frankchess/Repos/datafun-02-automation/2021
2025-09-03 14:21:23.287 | INFO     | __main__:create_folders_for_range:79 - Created folder: /Users/frankchess/Repos/datafun-02-automation/2021
2025-09-03 14:21:23 | INFO | __main__:79 | Created folder: /Users/frankchess/Repos/datafun-02-automation/2022
2025-09-03 14:21:23.287 | INFO     | __main__:create_folders_for_range:79 - Created folder: /Users/frankchess/Repos/datafun-02-automation/2022
2025-09-03 14:21:23 | INFO | __main__:79 | Created folder: /Users/frankchess/Repos/datafun-02-automation/2023
2025-09-03 14:21:23.287 | INFO     | __main__:create_folders_for_range:79 - Created folder: /Users/frankchess/Repos/datafun-02-automation/2023
2025-09-03 14:21:23 | INFO | __main__:79 | Created folder: /Users/frankchess/Repos/datafun-02-automation/2024
2025-09-03 14:21:23.287 | INFO     | __main__:create_folders_for_range:79 - Created folder: /Users/frankchess/Repos/datafun-02-automation/2024
2025-09-03 14:21:23 | INFO | __main__:79 | Created folder: /Users/frankchess/Repos/datafun-02-automation/2025
2025-09-03 14:21:23.287 | INFO     | __main__:create_folders_for_range:79 - Created folder: /Users/frankchess/Repos/datafun-02-automation/2025
2025-09-03 14:21:23 | INFO | __main__:191 | #####################################
2025-09-03 14:21:23.287 | INFO     | __main__:main:191 - #####################################
2025-09-03 14:21:23 | INFO | __main__:192 | # Starting execution of main()
2025-09-03 14:21:23.287 | INFO     | __main__:main:192 - # Starting execution of main()
2025-09-03 14:21:23 | INFO | __main__:193 | #####################################

2025-09-03 14:21:23.287 | INFO     | __main__:main:193 - #####################################

2025-09-03 14:21:23 | INFO | __main__:196 | Byline: 
**********************************************************
Frankly Figures — Project Header
**********************************************************
Author:                     Frank Scarpa
Motto:                      Making Numbers Talk
Years Active:               5
Number of Employees:        25
Office Locations:           ['Phoenix', 'Washington DC', 'Sunrise', 'Austin', 'San Francisco']
Salary Position?:           True
Accepting New Clients?:     True
Remote Workshops?:          True
Services:                   ['Data Analysis', 'Machine Learning', 'Business Intelligence']
Client Satisfaction Scores: [4.8, 4.6, 4.9, 5.0, 4.7]
Minimum Satisfaction Score: 4.6
Maximum Satisfaction Score: 5.0
Mean Satisfaction Score:    4.80
     Standard Deviation:    0.16
**********************************************************

2025-09-03 14:21:23.287 | INFO     | __main__:main:196 - Byline: 
**********************************************************
Frankly Figures — Project Header
**********************************************************
Author:                     Frank Scarpa
Motto:                      Making Numbers Talk
Years Active:               5
Number of Employees:        25
Office Locations:           ['Phoenix', 'Washington DC', 'Sunrise', 'Austin', 'San Francisco']
Salary Position?:           True
Accepting New Clients?:     True
Remote Workshops?:          True
Services:                   ['Data Analysis', 'Machine Learning', 'Business Intelligence']
Client Satisfaction Scores: [4.8, 4.6, 4.9, 5.0, 4.7]
Minimum Satisfaction Score: 4.6
Maximum Satisfaction Score: 5.0
Mean Satisfaction Score:    4.80
     Standard Deviation:    0.16
**********************************************************

2025-09-03 14:21:23 | INFO | __main__:72 | FUNCTION: create_folders_for_range()
2025-09-03 14:21:23.287 | INFO     | __main__:create_folders_for_range:72 - FUNCTION: create_folders_for_range()
2025-09-03 14:21:23 | INFO | __main__:73 | PARAMETERS: start_year = 2020, end_year = 2023
2025-09-03 14:21:23.287 | INFO     | __main__:create_folders_for_range:73 - PARAMETERS: start_year = 2020, end_year = 2023
2025-09-03 14:21:23 | INFO | __main__:79 | Created folder: /Users/frankchess/Repos/datafun-02-automation/2020
2025-09-03 14:21:23.287 | INFO     | __main__:create_folders_for_range:79 - Created folder: /Users/frankchess/Repos/datafun-02-automation/2020
2025-09-03 14:21:23 | INFO | __main__:79 | Created folder: /Users/frankchess/Repos/datafun-02-automation/2021
2025-09-03 14:21:23.287 | INFO     | __main__:create_folders_for_range:79 - Created folder: /Users/frankchess/Repos/datafun-02-automation/2021
2025-09-03 14:21:23 | INFO | __main__:79 | Created folder: /Users/frankchess/Repos/datafun-02-automation/2022
2025-09-03 14:21:23.287 | INFO     | __main__:create_folders_for_range:79 - Created folder: /Users/frankchess/Repos/datafun-02-automation/2022
2025-09-03 14:21:23 | INFO | __main__:79 | Created folder: /Users/frankchess/Repos/datafun-02-automation/2023
2025-09-03 14:21:23.287 | INFO     | __main__:create_folders_for_range:79 - Created folder: /Users/frankchess/Repos/datafun-02-automation/2023
2025-09-03 14:21:23 | INFO | __main__:99 | FUNCTION: create_folders_from_list()
2025-09-03 14:21:23.287 | INFO     | __main__:create_folders_from_list:99 - FUNCTION: create_folders_from_list()
2025-09-03 14:21:23 | INFO | __main__:100 | PARAMETER: folder_list = ['data-csv', 'data-excel', 'data-json']
2025-09-03 14:21:23.287 | INFO     | __main__:create_folders_from_list:100 - PARAMETER: folder_list = ['data-csv', 'data-excel', 'data-json']
2025-09-03 14:21:23 | INFO | __main__:128 | FUNCTION: create_prefixed_folders()
2025-09-03 14:21:23.287 | INFO     | __main__:create_prefixed_folders_using_list_comprehension:128 - FUNCTION: create_prefixed_folders()
2025-09-03 14:21:23 | INFO | __main__:129 | PARAMETERS: folder_list = ['csv', 'excel', 'json'], prefix = output-
2025-09-03 14:21:23.287 | INFO     | __main__:create_prefixed_folders_using_list_comprehension:129 - PARAMETERS: folder_list = ['csv', 'excel', 'json'], prefix = output-
2025-09-03 14:21:23 | INFO | __main__:151 | FUNCTION: create_folders_periodically()
2025-09-03 14:21:23.287 | INFO     | __main__:create_folders_periodically:151 - FUNCTION: create_folders_periodically()
2025-09-03 14:21:23 | INFO | __main__:152 | PARAMETER: duration_seconds = 5
2025-09-03 14:21:23.287 | INFO     | __main__:create_folders_periodically:152 - PARAMETER: duration_seconds = 5
2025-09-03 14:21:23 | INFO | __main__:179 | FUNCTION: create_standardized_folders()
2025-09-03 14:21:23.287 | INFO     | __main__:create_standardized_folders:179 - FUNCTION: create_standardized_folders()
2025-09-03 14:21:23 | INFO | __main__:180 | PARAMETERS: folder_list = ['North America', 'South America', 'Europe', 'Asia', 'Africa', 'Oceania', 'Middle East'], to_lowercase = True, remove_spaces = True
2025-09-03 14:21:23.287 | INFO     | __main__:create_standardized_folders:180 - PARAMETERS: folder_list = ['North America', 'South America', 'Europe', 'Asia', 'Africa', 'Oceania', 'Middle East'], to_lowercase = True, remove_spaces = True
2025-09-03 14:21:23 | INFO | __main__:217 | 
#####################################
2025-09-03 14:21:23.287 | INFO     | __main__:main:217 - 
#####################################
2025-09-03 14:21:23 | INFO | __main__:218 | # Completed execution of main()
2025-09-03 14:21:23.287 | INFO     | __main__:main:218 - # Completed execution of main()
2025-09-03 14:21:23 | INFO | __main__:219 | #####################################
2025-09-03 14:21:23.287 | INFO     | __main__:main:219 - #####################################
2025-09-03 14:21:33 | INFO | utils_bankoscarpa:47 | Logger loaded.
2025-09-03 14:21:33 | INFO | __main__:36 | Logger loaded.
2025-09-03 14:21:33.027 | INFO     | __main__:<module>:36 - Logger loaded.
2025-09-03 14:21:33 | INFO | __main__:72 | FUNCTION: create_folders_for_range()
2025-09-03 14:21:33.027 | INFO     | __main__:create_folders_for_range:72 - FUNCTION: create_folders_for_range()
2025-09-03 14:21:33 | INFO | __main__:73 | PARAMETERS: start_year = 2020, end_year = 2025
2025-09-03 14:21:33.027 | INFO     | __main__:create_folders_for_range:73 - PARAMETERS: start_year = 2020, end_year = 2025
2025-09-03 14:21:33 | INFO | __main__:79 | Created folder: /Users/frankchess/Repos/datafun-02-automation/2020
2025-09-03 14:21:33.027 | INFO     | __main__:create_folders_for_range:79 - Created folder: /Users/frankchess/Repos/datafun-02-automation/2020
2025-09-03 14:21:33 | INFO | __main__:79 | Created folder: /Users/frankchess/Repos/datafun-02-automation/2021
2025-09-03 14:21:33.027 | INFO     | __main__:create_folders_for_range:79 - Created folder: /Users/frankchess/Repos/datafun-02-automation/2021
2025-09-03 14:21:33 | INFO | __main__:79 | Created folder: /Users/frankchess/Repos/datafun-02-automation/2022
2025-09-03 14:21:33.027 | INFO     | __main__:create_folders_for_range:79 - Created folder: /Users/frankchess/Repos/datafun-02-automation/2022
2025-09-03 14:21:33 | INFO | __main__:79 | Created folder: /Users/frankchess/Repos/datafun-02-automation/2023
2025-09-03 14:21:33.027 | INFO     | __main__:create_folders_for_range:79 - Created folder: /Users/frankchess/Repos/datafun-02-automation/2023
2025-09-03 14:21:33 | INFO | __main__:79 | Created folder: /Users/frankchess/Repos/datafun-02-automation/2024
2025-09-03 14:21:33.027 | INFO     | __main__:create_folders_for_range:79 - Created folder: /Users/frankchess/Repos/datafun-02-automation/2024
2025-09-03 14:21:33 | INFO | __main__:79 | Created folder: /Users/frankchess/Repos/datafun-02-automation/2025
2025-09-03 14:21:33.027 | INFO     | __main__:create_folders_for_range:79 - Created folder: /Users/frankchess/Repos/datafun-02-automation/2025
2025-09-03 14:21:33 | INFO | __main__:191 | #####################################
2025-09-03 14:21:33.027 | INFO     | __main__:main:191 - #####################################
2025-09-03 14:21:33 | INFO | __main__:192 | # Starting execution of main()
2025-09-03 14:21:33.027 | INFO     | __main__:main:192 - # Starting execution of main()
2025-09-03 14:21:33 | INFO | __main__:193 | #####################################

2025-09-03 14:21:33.027 | INFO     | __main__:main:193 - #####################################

2025-09-03 14:21:33 | INFO | __main__:196 | Byline: 
**********************************************************
Frankly Figures — Project Header
**********************************************************
Author:                     Frank Scarpa
Motto:                      Making Numbers Talk
Years Active:               5
Number of Employees:        25
Office Locations:           ['Phoenix', 'Washington DC', 'Sunrise', 'Austin', 'San Francisco']
Salary Position?:           True
Accepting New Clients?:     True
Remote Workshops?:          True
Services:                   ['Data Analysis', 'Machine Learning', 'Business Intelligence']
Client Satisfaction Scores: [4.8, 4.6, 4.9, 5.0, 4.7]
Minimum Satisfaction Score: 4.6
Maximum Satisfaction Score: 5.0
Mean Satisfaction Score:    4.80
     Standard Deviation:    0.16
**********************************************************

2025-09-03 14:21:33.027 | INFO     | __main__:main:196 - Byline: 
**********************************************************
Frankly Figures — Project Header
**********************************************************
Author:                     Frank Scarpa
Motto:                      Making Numbers Talk
Years Active:               5
Number of Employees:        25
Office Locations:           ['Phoenix', 'Washington DC', 'Sunrise', 'Austin', 'San Francisco']
Salary Position?:           True
Accepting New Clients?:     True
Remote Workshops?:          True
Services:                   ['Data Analysis', 'Machine Learning', 'Business Intelligence']
Client Satisfaction Scores: [4.8, 4.6, 4.9, 5.0, 4.7]
Minimum Satisfaction Score: 4.6
Maximum Satisfaction Score: 5.0
Mean Satisfaction Score:    4.80
     Standard Deviation:    0.16
**********************************************************

2025-09-03 14:21:33 | INFO | __main__:72 | FUNCTION: create_folders_for_range()
2025-09-03 14:21:33.027 | INFO     | __main__:create_folders_for_range:72 - FUNCTION: create_folders_for_range()
2025-09-03 14:21:33 | INFO | __main__:73 | PARAMETERS: start_year = 2020, end_year = 2023
2025-09-03 14:21:33.027 | INFO     | __main__:create_folders_for_range:73 - PARAMETERS: start_year = 2020, end_year = 2023
2025-09-03 14:21:33 | INFO | __main__:79 | Created folder: /Users/frankchess/Repos/datafun-02-automation/2020
2025-09-03 14:21:33.027 | INFO     | __main__:create_folders_for_range:79 - Created folder: /Users/frankchess/Repos/datafun-02-automation/2020
2025-09-03 14:21:33 | INFO | __main__:79 | Created folder: /Users/frankchess/Repos/datafun-02-automation/2021
2025-09-03 14:21:33.027 | INFO     | __main__:create_folders_for_range:79 - Created folder: /Users/frankchess/Repos/datafun-02-automation/2021
2025-09-03 14:21:33 | INFO | __main__:79 | Created folder: /Users/frankchess/Repos/datafun-02-automation/2022
2025-09-03 14:21:33.027 | INFO     | __main__:create_folders_for_range:79 - Created folder: /Users/frankchess/Repos/datafun-02-automation/2022
2025-09-03 14:21:33 | INFO | __main__:79 | Created folder: /Users/frankchess/Repos/datafun-02-automation/2023
2025-09-03 14:21:33.027 | INFO     | __main__:create_folders_for_range:79 - Created folder: /Users/frankchess/Repos/datafun-02-automation/2023
2025-09-03 14:21:33 | INFO | __main__:99 | FUNCTION: create_folders_from_list()
2025-09-03 14:21:33.027 | INFO     | __main__:create_folders_from_list:99 - FUNCTION: create_folders_from_list()
2025-09-03 14:21:33 | INFO | __main__:100 | PARAMETER: folder_list = ['data-csv', 'data-excel', 'data-json']
2025-09-03 14:21:33.027 | INFO     | __main__:create_folders_from_list:100 - PARAMETER: folder_list = ['data-csv', 'data-excel', 'data-json']
2025-09-03 14:21:33 | INFO | __main__:128 | FUNCTION: create_prefixed_folders()
2025-09-03 14:21:33.027 | INFO     | __main__:create_prefixed_folders_using_list_comprehension:128 - FUNCTION: create_prefixed_folders()
2025-09-03 14:21:33 | INFO | __main__:129 | PARAMETERS: folder_list = ['csv', 'excel', 'json'], prefix = output-
2025-09-03 14:21:33.027 | INFO     | __main__:create_prefixed_folders_using_list_comprehension:129 - PARAMETERS: folder_list = ['csv', 'excel', 'json'], prefix = output-
2025-09-03 14:21:33 | INFO | __main__:151 | FUNCTION: create_folders_periodically()
2025-09-03 14:21:33.027 | INFO     | __main__:create_folders_periodically:151 - FUNCTION: create_folders_periodically()
2025-09-03 14:21:33 | INFO | __main__:152 | PARAMETER: duration_seconds = 5
2025-09-03 14:21:33.028 | INFO     | __main__:create_folders_periodically:152 - PARAMETER: duration_seconds = 5
2025-09-03 14:21:33 | INFO | __main__:179 | FUNCTION: create_standardized_folders()
2025-09-03 14:21:33.028 | INFO     | __main__:create_standardized_folders:179 - FUNCTION: create_standardized_folders()
2025-09-03 14:21:33 | INFO | __main__:180 | PARAMETERS: folder_list = ['North America', 'South America', 'Europe', 'Asia', 'Africa', 'Oceania', 'Middle East'], to_lowercase = True, remove_spaces = True
2025-09-03 14:21:33.028 | INFO     | __main__:create_standardized_folders:180 - PARAMETERS: folder_list = ['North America', 'South America', 'Europe', 'Asia', 'Africa', 'Oceania', 'Middle East'], to_lowercase = True, remove_spaces = True
2025-09-03 14:21:33 | INFO | __main__:217 | 
#####################################
2025-09-03 14:21:33.028 | INFO     | __main__:main:217 - 
#####################################
2025-09-03 14:21:33 | INFO | __main__:218 | # Completed execution of main()
2025-09-03 14:21:33.028 | INFO     | __main__:main:218 - # Completed execution of main()
2025-09-03 14:21:33 | INFO | __main__:219 | #####################################
2025-09-03 14:21:33.028 | INFO     | __main__:main:219 - #####################################
2025-09-03 14:25:06 | INFO | utils_bankoscarpa:47 | Logger loaded.
2025-09-03 14:25:06 | INFO | __main__:36 | Logger loaded.
2025-09-03 14:25:06.407 | INFO     | __main__:<module>:36 - Logger loaded.
2025-09-03 14:25:06 | INFO | __main__:72 | FUNCTION: create_folders_for_range()
2025-09-03 14:25:06.408 | INFO     | __main__:create_folders_for_range:72 - FUNCTION: create_folders_for_range()
2025-09-03 14:25:06 | INFO | __main__:73 | PARAMETERS: start_year = 2020, end_year = 2025
2025-09-03 14:25:06.408 | INFO     | __main__:create_folders_for_range:73 - PARAMETERS: start_year = 2020, end_year = 2025
2025-09-03 14:25:06 | INFO | __main__:79 | Created folder: /Users/frankchess/Repos/datafun-02-automation/2020
2025-09-03 14:25:06.408 | INFO     | __main__:create_folders_for_range:79 - Created folder: /Users/frankchess/Repos/datafun-02-automation/2020
2025-09-03 14:25:06 | INFO | __main__:79 | Created folder: /Users/frankchess/Repos/datafun-02-automation/2021
2025-09-03 14:25:06.408 | INFO     | __main__:create_folders_for_range:79 - Created folder: /Users/frankchess/Repos/datafun-02-automation/2021
2025-09-03 14:25:06 | INFO | __main__:79 | Created folder: /Users/frankchess/Repos/datafun-02-automation/2022
2025-09-03 14:25:06.408 | INFO     | __main__:create_folders_for_range:79 - Created folder: /Users/frankchess/Repos/datafun-02-automation/2022
2025-09-03 14:25:06 | INFO | __main__:79 | Created folder: /Users/frankchess/Repos/datafun-02-automation/2023
2025-09-03 14:25:06.408 | INFO     | __main__:create_folders_for_range:79 - Created folder: /Users/frankchess/Repos/datafun-02-automation/2023
2025-09-03 14:25:06 | INFO | __main__:79 | Created folder: /Users/frankchess/Repos/datafun-02-automation/2024
2025-09-03 14:25:06.408 | INFO     | __main__:create_folders_for_range:79 - Created folder: /Users/frankchess/Repos/datafun-02-automation/2024
2025-09-03 14:25:06 | INFO | __main__:79 | Created folder: /Users/frankchess/Repos/datafun-02-automation/2025
2025-09-03 14:25:06.408 | INFO     | __main__:create_folders_for_range:79 - Created folder: /Users/frankchess/Repos/datafun-02-automation/2025
2025-09-03 14:25:06 | INFO | __main__:191 | #####################################
2025-09-03 14:25:06.408 | INFO     | __main__:main:191 - #####################################
2025-09-03 14:25:06 | INFO | __main__:192 | # Starting execution of main()
2025-09-03 14:25:06.408 | INFO     | __main__:main:192 - # Starting execution of main()
2025-09-03 14:25:06 | INFO | __main__:193 | #####################################

2025-09-03 14:25:06.408 | INFO     | __main__:main:193 - #####################################

2025-09-03 14:25:06 | INFO | __main__:196 | Byline: 
**********************************************************
Frankly Figures — Project Header
**********************************************************
Author:                     Frank Scarpa
Motto:                      Making Numbers Talk
Years Active:               5
Number of Employees:        25
Office Locations:           ['Phoenix', 'Washington DC', 'Sunrise', 'Austin', 'San Francisco']
Salary Position?:           True
Accepting New Clients?:     True
Remote Workshops?:          True
Services:                   ['Data Analysis', 'Machine Learning', 'Business Intelligence']
Client Satisfaction Scores: [4.8, 4.6, 4.9, 5.0, 4.7]
Minimum Satisfaction Score: 4.6
Maximum Satisfaction Score: 5.0
Mean Satisfaction Score:    4.80
     Standard Deviation:    0.16
**********************************************************

2025-09-03 14:25:06.408 | INFO     | __main__:main:196 - Byline: 
**********************************************************
Frankly Figures — Project Header
**********************************************************
Author:                     Frank Scarpa
Motto:                      Making Numbers Talk
Years Active:               5
Number of Employees:        25
Office Locations:           ['Phoenix', 'Washington DC', 'Sunrise', 'Austin', 'San Francisco']
Salary Position?:           True
Accepting New Clients?:     True
Remote Workshops?:          True
Services:                   ['Data Analysis', 'Machine Learning', 'Business Intelligence']
Client Satisfaction Scores: [4.8, 4.6, 4.9, 5.0, 4.7]
Minimum Satisfaction Score: 4.6
Maximum Satisfaction Score: 5.0
Mean Satisfaction Score:    4.80
     Standard Deviation:    0.16
**********************************************************

2025-09-03 14:25:06 | INFO | __main__:72 | FUNCTION: create_folders_for_range()
2025-09-03 14:25:06.408 | INFO     | __main__:create_folders_for_range:72 - FUNCTION: create_folders_for_range()
2025-09-03 14:25:06 | INFO | __main__:73 | PARAMETERS: start_year = 2020, end_year = 2023
2025-09-03 14:25:06.408 | INFO     | __main__:create_folders_for_range:73 - PARAMETERS: start_year = 2020, end_year = 2023
2025-09-03 14:25:06 | INFO | __main__:79 | Created folder: /Users/frankchess/Repos/datafun-02-automation/2020
2025-09-03 14:25:06.408 | INFO     | __main__:create_folders_for_range:79 - Created folder: /Users/frankchess/Repos/datafun-02-automation/2020
2025-09-03 14:25:06 | INFO | __main__:79 | Created folder: /Users/frankchess/Repos/datafun-02-automation/2021
2025-09-03 14:25:06.408 | INFO     | __main__:create_folders_for_range:79 - Created folder: /Users/frankchess/Repos/datafun-02-automation/2021
2025-09-03 14:25:06 | INFO | __main__:79 | Created folder: /Users/frankchess/Repos/datafun-02-automation/2022
2025-09-03 14:25:06.408 | INFO     | __main__:create_folders_for_range:79 - Created folder: /Users/frankchess/Repos/datafun-02-automation/2022
2025-09-03 14:25:06 | INFO | __main__:79 | Created folder: /Users/frankchess/Repos/datafun-02-automation/2023
2025-09-03 14:25:06.408 | INFO     | __main__:create_folders_for_range:79 - Created folder: /Users/frankchess/Repos/datafun-02-automation/2023
2025-09-03 14:25:06 | INFO | __main__:99 | FUNCTION: create_folders_from_list()
2025-09-03 14:25:06.408 | INFO     | __main__:create_folders_from_list:99 - FUNCTION: create_folders_from_list()
2025-09-03 14:25:06 | INFO | __main__:100 | PARAMETER: folder_list = ['data-csv', 'data-excel', 'data-json']
2025-09-03 14:25:06.408 | INFO     | __main__:create_folders_from_list:100 - PARAMETER: folder_list = ['data-csv', 'data-excel', 'data-json']
2025-09-03 14:25:06 | INFO | __main__:128 | FUNCTION: create_prefixed_folders()
2025-09-03 14:25:06.408 | INFO     | __main__:create_prefixed_folders_using_list_comprehension:128 - FUNCTION: create_prefixed_folders()
2025-09-03 14:25:06 | INFO | __main__:129 | PARAMETERS: folder_list = ['csv', 'excel', 'json'], prefix = output-
2025-09-03 14:25:06.408 | INFO     | __main__:create_prefixed_folders_using_list_comprehension:129 - PARAMETERS: folder_list = ['csv', 'excel', 'json'], prefix = output-
2025-09-03 14:25:06 | INFO | __main__:151 | FUNCTION: create_folders_periodically()
2025-09-03 14:25:06.408 | INFO     | __main__:create_folders_periodically:151 - FUNCTION: create_folders_periodically()
2025-09-03 14:25:06 | INFO | __main__:152 | PARAMETER: duration_seconds = 5
2025-09-03 14:25:06.409 | INFO     | __main__:create_folders_periodically:152 - PARAMETER: duration_seconds = 5
2025-09-03 14:25:06 | INFO | __main__:179 | FUNCTION: create_standardized_folders()
2025-09-03 14:25:06.409 | INFO     | __main__:create_standardized_folders:179 - FUNCTION: create_standardized_folders()
2025-09-03 14:25:06 | INFO | __main__:180 | PARAMETERS: folder_list = ['North America', 'South America', 'Europe', 'Asia', 'Africa', 'Oceania', 'Middle East'], to_lowercase = True, remove_spaces = True
2025-09-03 14:25:06.409 | INFO     | __main__:create_standardized_folders:180 - PARAMETERS: folder_list = ['North America', 'South America', 'Europe', 'Asia', 'Africa', 'Oceania', 'Middle East'], to_lowercase = True, remove_spaces = True
2025-09-03 14:25:06 | INFO | __main__:217 | 
#####################################
2025-09-03 14:25:06.409 | INFO     | __main__:main:217 - 
#####################################
2025-09-03 14:25:06 | INFO | __main__:218 | # Completed execution of main()
2025-09-03 14:25:06.409 | INFO     | __main__:main:218 - # Completed execution of main()
2025-09-03 14:25:06 | INFO | __main__:219 | #####################################
2025-09-03 14:25:06.409 | INFO     | __main__:main:219 - #####################################
2025-09-03 14:43:06 | INFO | utils_bankoscarpa:47 | Logger loaded.
2025-09-03 14:43:06 | INFO | __main__:36 | Logger loaded.
2025-09-03 14:43:06.216 | INFO     | __main__:<module>:36 - Logger loaded.
2025-09-03 14:43:06 | INFO | __main__:72 | FUNCTION: create_folders_for_range()
2025-09-03 14:43:06.216 | INFO     | __main__:create_folders_for_range:72 - FUNCTION: create_folders_for_range()
2025-09-03 14:43:06 | INFO | __main__:73 | PARAMETERS: start_year = 2020, end_year = 2025
2025-09-03 14:43:06.216 | INFO     | __main__:create_folders_for_range:73 - PARAMETERS: start_year = 2020, end_year = 2025
2025-09-03 14:43:06 | INFO | __main__:79 | Created folder: /Users/frankchess/Repos/datafun-02-automation/2020
2025-09-03 14:43:06.216 | INFO     | __main__:create_folders_for_range:79 - Created folder: /Users/frankchess/Repos/datafun-02-automation/2020
2025-09-03 14:43:06 | INFO | __main__:79 | Created folder: /Users/frankchess/Repos/datafun-02-automation/2021
2025-09-03 14:43:06.216 | INFO     | __main__:create_folders_for_range:79 - Created folder: /Users/frankchess/Repos/datafun-02-automation/2021
2025-09-03 14:43:06 | INFO | __main__:79 | Created folder: /Users/frankchess/Repos/datafun-02-automation/2022
2025-09-03 14:43:06.216 | INFO     | __main__:create_folders_for_range:79 - Created folder: /Users/frankchess/Repos/datafun-02-automation/2022
2025-09-03 14:43:06 | INFO | __main__:79 | Created folder: /Users/frankchess/Repos/datafun-02-automation/2023
2025-09-03 14:43:06.216 | INFO     | __main__:create_folders_for_range:79 - Created folder: /Users/frankchess/Repos/datafun-02-automation/2023
2025-09-03 14:43:06 | INFO | __main__:79 | Created folder: /Users/frankchess/Repos/datafun-02-automation/2024
2025-09-03 14:43:06.217 | INFO     | __main__:create_folders_for_range:79 - Created folder: /Users/frankchess/Repos/datafun-02-automation/2024
2025-09-03 14:43:06 | INFO | __main__:79 | Created folder: /Users/frankchess/Repos/datafun-02-automation/2025
2025-09-03 14:43:06.217 | INFO     | __main__:create_folders_for_range:79 - Created folder: /Users/frankchess/Repos/datafun-02-automation/2025
2025-09-03 14:43:06 | INFO | __main__:99 | FUNCTION: create_folders_from_list()
2025-09-03 14:43:06.217 | INFO     | __main__:create_folders_from_list:99 - FUNCTION: create_folders_from_list()
2025-09-03 14:43:06 | INFO | __main__:100 | PARAMETER: folder_list = ['North America', 'South America', 'Europe', 'Asia', 'Africa', 'Oceania', 'Middle East']
2025-09-03 14:43:06.217 | INFO     | __main__:create_folders_from_list:100 - PARAMETER: folder_list = ['North America', 'South America', 'Europe', 'Asia', 'Africa', 'Oceania', 'Middle East']
2025-09-03 14:43:49 | INFO | utils_bankoscarpa:47 | Logger loaded.
2025-09-03 14:43:49 | INFO | __main__:36 | Logger loaded.
2025-09-03 14:43:49.692 | INFO     | __main__:<module>:36 - Logger loaded.
2025-09-03 14:43:49 | INFO | __main__:72 | FUNCTION: create_folders_for_range()
2025-09-03 14:43:49.692 | INFO     | __main__:create_folders_for_range:72 - FUNCTION: create_folders_for_range()
2025-09-03 14:43:49 | INFO | __main__:73 | PARAMETERS: start_year = 2020, end_year = 2025
2025-09-03 14:43:49.692 | INFO     | __main__:create_folders_for_range:73 - PARAMETERS: start_year = 2020, end_year = 2025
2025-09-03 14:43:49 | INFO | __main__:79 | Created folder: /Users/frankchess/Repos/datafun-02-automation/2020
2025-09-03 14:43:49.692 | INFO     | __main__:create_folders_for_range:79 - Created folder: /Users/frankchess/Repos/datafun-02-automation/2020
2025-09-03 14:43:49 | INFO | __main__:79 | Created folder: /Users/frankchess/Repos/datafun-02-automation/2021
2025-09-03 14:43:49.692 | INFO     | __main__:create_folders_for_range:79 - Created folder: /Users/frankchess/Repos/datafun-02-automation/2021
2025-09-03 14:43:49 | INFO | __main__:79 | Created folder: /Users/frankchess/Repos/datafun-02-automation/2022
2025-09-03 14:43:49.692 | INFO     | __main__:create_folders_for_range:79 - Created folder: /Users/frankchess/Repos/datafun-02-automation/2022
2025-09-03 14:43:49 | INFO | __main__:79 | Created folder: /Users/frankchess/Repos/datafun-02-automation/2023
2025-09-03 14:43:49.692 | INFO     | __main__:create_folders_for_range:79 - Created folder: /Users/frankchess/Repos/datafun-02-automation/2023
2025-09-03 14:43:49 | INFO | __main__:79 | Created folder: /Users/frankchess/Repos/datafun-02-automation/2024
2025-09-03 14:43:49.693 | INFO     | __main__:create_folders_for_range:79 - Created folder: /Users/frankchess/Repos/datafun-02-automation/2024
2025-09-03 14:43:49 | INFO | __main__:79 | Created folder: /Users/frankchess/Repos/datafun-02-automation/2025
2025-09-03 14:43:49.693 | INFO     | __main__:create_folders_for_range:79 - Created folder: /Users/frankchess/Repos/datafun-02-automation/2025
2025-09-03 14:43:49 | INFO | __main__:99 | FUNCTION: create_folders_from_list()
2025-09-03 14:43:49.693 | INFO     | __main__:create_folders_from_list:99 - FUNCTION: create_folders_from_list()
2025-09-03 14:43:49 | INFO | __main__:100 | PARAMETER: folder_list = ['North America', 'South America', 'Europe', 'Asia', 'Africa', 'Oceania', 'Middle East']
2025-09-03 14:43:49.693 | INFO     | __main__:create_folders_from_list:100 - PARAMETER: folder_list = ['North America', 'South America', 'Europe', 'Asia', 'Africa', 'Oceania', 'Middle East']
2025-09-03 14:43:49 | INFO | __main__:108 | Created folder: /Users/frankchess/Repos/datafun-02-automation/North America
2025-09-03 14:43:49.693 | INFO     | __main__:create_folders_from_list:108 - Created folder: /Users/frankchess/Repos/datafun-02-automation/North America
2025-09-03 14:43:49 | INFO | __main__:108 | Created folder: /Users/frankchess/Repos/datafun-02-automation/South America
2025-09-03 14:43:49.693 | INFO     | __main__:create_folders_from_list:108 - Created folder: /Users/frankchess/Repos/datafun-02-automation/South America
2025-09-03 14:43:49 | INFO | __main__:108 | Created folder: /Users/frankchess/Repos/datafun-02-automation/Europe
2025-09-03 14:43:49.693 | INFO     | __main__:create_folders_from_list:108 - Created folder: /Users/frankchess/Repos/datafun-02-automation/Europe
2025-09-03 14:43:49 | INFO | __main__:108 | Created folder: /Users/frankchess/Repos/datafun-02-automation/Asia
2025-09-03 14:43:49.694 | INFO     | __main__:create_folders_from_list:108 - Created folder: /Users/frankchess/Repos/datafun-02-automation/Asia
2025-09-03 14:43:49 | INFO | __main__:108 | Created folder: /Users/frankchess/Repos/datafun-02-automation/Africa
2025-09-03 14:43:49.694 | INFO     | __main__:create_folders_from_list:108 - Created folder: /Users/frankchess/Repos/datafun-02-automation/Africa
2025-09-03 14:43:49 | INFO | __main__:108 | Created folder: /Users/frankchess/Repos/datafun-02-automation/Oceania
2025-09-03 14:43:49.694 | INFO     | __main__:create_folders_from_list:108 - Created folder: /Users/frankchess/Repos/datafun-02-automation/Oceania
2025-09-03 14:43:49 | INFO | __main__:108 | Created folder: /Users/frankchess/Repos/datafun-02-automation/Middle East
2025-09-03 14:43:49.694 | INFO     | __main__:create_folders_from_list:108 - Created folder: /Users/frankchess/Repos/datafun-02-automation/Middle East
2025-09-03 14:43:49 | INFO | __main__:193 | #####################################
2025-09-03 14:43:49.695 | INFO     | __main__:main:193 - #####################################
2025-09-03 14:43:49 | INFO | __main__:194 | # Starting execution of main()
2025-09-03 14:43:49.695 | INFO     | __main__:main:194 - # Starting execution of main()
2025-09-03 14:43:49 | INFO | __main__:195 | #####################################

2025-09-03 14:43:49.695 | INFO     | __main__:main:195 - #####################################

2025-09-03 14:43:49 | INFO | __main__:198 | Byline: 
**********************************************************
Frankly Figures — Project Header
**********************************************************
Author:                     Frank Scarpa
Motto:                      Making Numbers Talk
Years Active:               5
Number of Employees:        25
Office Locations:           ['Phoenix', 'Washington DC', 'Sunrise', 'Austin', 'San Francisco']
Salary Position?:           True
Accepting New Clients?:     True
Remote Workshops?:          True
Services:                   ['Data Analysis', 'Machine Learning', 'Business Intelligence']
Client Satisfaction Scores: [4.8, 4.6, 4.9, 5.0, 4.7]
Minimum Satisfaction Score: 4.6
Maximum Satisfaction Score: 5.0
Mean Satisfaction Score:    4.80
     Standard Deviation:    0.16
**********************************************************

2025-09-03 14:43:49.695 | INFO     | __main__:main:198 - Byline: 
**********************************************************
Frankly Figures — Project Header
**********************************************************
Author:                     Frank Scarpa
Motto:                      Making Numbers Talk
Years Active:               5
Number of Employees:        25
Office Locations:           ['Phoenix', 'Washington DC', 'Sunrise', 'Austin', 'San Francisco']
Salary Position?:           True
Accepting New Clients?:     True
Remote Workshops?:          True
Services:                   ['Data Analysis', 'Machine Learning', 'Business Intelligence']
Client Satisfaction Scores: [4.8, 4.6, 4.9, 5.0, 4.7]
Minimum Satisfaction Score: 4.6
Maximum Satisfaction Score: 5.0
Mean Satisfaction Score:    4.80
     Standard Deviation:    0.16
**********************************************************

2025-09-03 14:43:49 | INFO | __main__:72 | FUNCTION: create_folders_for_range()
2025-09-03 14:43:49.695 | INFO     | __main__:create_folders_for_range:72 - FUNCTION: create_folders_for_range()
2025-09-03 14:43:49 | INFO | __main__:73 | PARAMETERS: start_year = 2020, end_year = 2023
2025-09-03 14:43:49.695 | INFO     | __main__:create_folders_for_range:73 - PARAMETERS: start_year = 2020, end_year = 2023
2025-09-03 14:43:49 | INFO | __main__:79 | Created folder: /Users/frankchess/Repos/datafun-02-automation/2020
2025-09-03 14:43:49.695 | INFO     | __main__:create_folders_for_range:79 - Created folder: /Users/frankchess/Repos/datafun-02-automation/2020
2025-09-03 14:43:49 | INFO | __main__:79 | Created folder: /Users/frankchess/Repos/datafun-02-automation/2021
2025-09-03 14:43:49.695 | INFO     | __main__:create_folders_for_range:79 - Created folder: /Users/frankchess/Repos/datafun-02-automation/2021
2025-09-03 14:43:49 | INFO | __main__:79 | Created folder: /Users/frankchess/Repos/datafun-02-automation/2022
2025-09-03 14:43:49.695 | INFO     | __main__:create_folders_for_range:79 - Created folder: /Users/frankchess/Repos/datafun-02-automation/2022
2025-09-03 14:43:49 | INFO | __main__:79 | Created folder: /Users/frankchess/Repos/datafun-02-automation/2023
2025-09-03 14:43:49.695 | INFO     | __main__:create_folders_for_range:79 - Created folder: /Users/frankchess/Repos/datafun-02-automation/2023
2025-09-03 14:43:49 | INFO | __main__:99 | FUNCTION: create_folders_from_list()
2025-09-03 14:43:49.695 | INFO     | __main__:create_folders_from_list:99 - FUNCTION: create_folders_from_list()
2025-09-03 14:43:49 | INFO | __main__:100 | PARAMETER: folder_list = ['data-csv', 'data-excel', 'data-json']
2025-09-03 14:43:49.695 | INFO     | __main__:create_folders_from_list:100 - PARAMETER: folder_list = ['data-csv', 'data-excel', 'data-json']
2025-09-03 14:43:49 | INFO | __main__:108 | Created folder: /Users/frankchess/Repos/datafun-02-automation/data-csv
2025-09-03 14:43:49.695 | INFO     | __main__:create_folders_from_list:108 - Created folder: /Users/frankchess/Repos/datafun-02-automation/data-csv
2025-09-03 14:43:49 | INFO | __main__:108 | Created folder: /Users/frankchess/Repos/datafun-02-automation/data-excel
2025-09-03 14:43:49.696 | INFO     | __main__:create_folders_from_list:108 - Created folder: /Users/frankchess/Repos/datafun-02-automation/data-excel
2025-09-03 14:43:49 | INFO | __main__:108 | Created folder: /Users/frankchess/Repos/datafun-02-automation/data-json
2025-09-03 14:43:49.696 | INFO     | __main__:create_folders_from_list:108 - Created folder: /Users/frankchess/Repos/datafun-02-automation/data-json
2025-09-03 14:43:49 | INFO | __main__:130 | FUNCTION: create_prefixed_folders()
2025-09-03 14:43:49.696 | INFO     | __main__:create_prefixed_folders_using_list_comprehension:130 - FUNCTION: create_prefixed_folders()
2025-09-03 14:43:49 | INFO | __main__:131 | PARAMETERS: folder_list = ['csv', 'excel', 'json'], prefix = output-
2025-09-03 14:43:49.696 | INFO     | __main__:create_prefixed_folders_using_list_comprehension:131 - PARAMETERS: folder_list = ['csv', 'excel', 'json'], prefix = output-
2025-09-03 14:43:49 | INFO | __main__:153 | FUNCTION: create_folders_periodically()
2025-09-03 14:43:49.696 | INFO     | __main__:create_folders_periodically:153 - FUNCTION: create_folders_periodically()
2025-09-03 14:43:49 | INFO | __main__:154 | PARAMETER: duration_seconds = 5
2025-09-03 14:43:49.696 | INFO     | __main__:create_folders_periodically:154 - PARAMETER: duration_seconds = 5
2025-09-03 14:43:49 | INFO | __main__:181 | FUNCTION: create_standardized_folders()
2025-09-03 14:43:49.696 | INFO     | __main__:create_standardized_folders:181 - FUNCTION: create_standardized_folders()
2025-09-03 14:43:49 | INFO | __main__:182 | PARAMETERS: folder_list = ['North America', 'South America', 'Europe', 'Asia', 'Africa', 'Oceania', 'Middle East'], to_lowercase = True, remove_spaces = True
2025-09-03 14:43:49.696 | INFO     | __main__:create_standardized_folders:182 - PARAMETERS: folder_list = ['North America', 'South America', 'Europe', 'Asia', 'Africa', 'Oceania', 'Middle East'], to_lowercase = True, remove_spaces = True
2025-09-03 14:43:49 | INFO | __main__:219 | 
#####################################
2025-09-03 14:43:49.696 | INFO     | __main__:main:219 - 
#####################################
2025-09-03 14:43:49 | INFO | __main__:220 | # Completed execution of main()
2025-09-03 14:43:49.696 | INFO     | __main__:main:220 - # Completed execution of main()
2025-09-03 14:43:49 | INFO | __main__:221 | #####################################
2025-09-03 14:43:49.696 | INFO     | __main__:main:221 - #####################################
